<?xml version="1.0" encoding="UTF-8"?>
<coverage generated="1557925438897" clover="4.3.1">
   <project name="sokoban 1.0-SNAPSHOT" timestamp="1557925415601">
      <metrics coveredelements="144" complexity="83" loc="467" methods="30" classes="7" statements="254" packages="4" coveredconditionals="40" coveredmethods="5" elements="380" ncloc="374" files="7" conditionals="96" coveredstatements="99"/>
      <package name="default-pkg">
         <metrics coveredelements="0" complexity="1" loc="7" methods="1" classes="1" statements="1" coveredconditionals="0" coveredmethods="0" elements="2" ncloc="6" files="1" conditionals="0" coveredstatements="0"/>
         <file path="/home/zenol/Desktop/szoftverfejlesztes/beadando/sokoban/src/main/java/Launcher.java" name="Launcher.java">
            <metrics coveredelements="0" coveredconditionals="0" complexity="1" loc="7" coveredmethods="0" methods="1" elements="2" classes="1" ncloc="6" statements="1" conditionals="0" coveredstatements="0"/>
            <class name="Launcher">
               <metrics coveredelements="0" coveredconditionals="0" complexity="1" coveredmethods="0" methods="1" elements="2" statements="1" conditionals="0" coveredstatements="0"/>
            </class>
            <line complexity="1" visibility="public" signature="main(String[]) : void" num="4" count="0" type="method"/>
            <line num="5" count="0" type="stmt"/>
         </file>
      </package>
      <package name="controller">
         <metrics coveredelements="0" complexity="12" loc="84" methods="6" classes="1" statements="32" coveredconditionals="0" coveredmethods="0" elements="50" ncloc="68" files="1" conditionals="12" coveredstatements="0"/>
         <file path="/home/zenol/Desktop/szoftverfejlesztes/beadando/sokoban/src/main/java/controller/Controller.java" name="Controller.java">
            <metrics coveredelements="0" coveredconditionals="0" complexity="12" loc="84" coveredmethods="0" methods="6" elements="50" classes="1" ncloc="68" statements="32" conditionals="12" coveredstatements="0"/>
            <class name="Controller">
               <metrics coveredelements="0" coveredconditionals="0" complexity="12" coveredmethods="0" methods="6" elements="50" statements="32" conditionals="12" coveredstatements="0"/>
            </class>
            <line complexity="1" visibility="public" signature="initialize(URL,ResourceBundle) : void" num="31" count="0" type="method"/>
            <line num="33" count="0" type="stmt"/>
            <line complexity="7" visibility="public" signature="handleKeyPress(KeyEvent) : void" num="36" count="0" type="method"/>
            <line num="37" count="0" type="stmt"/>
            <line num="37" count="0" type="stmt"/>
            <line falsecount="0" truecount="0" num="37" type="cond"/>
            <line num="38" count="0" type="stmt"/>
            <line num="38" count="0" type="stmt"/>
            <line falsecount="0" truecount="0" num="38" type="cond"/>
            <line num="39" count="0" type="stmt"/>
            <line num="39" count="0" type="stmt"/>
            <line falsecount="0" truecount="0" num="39" type="cond"/>
            <line num="40" count="0" type="stmt"/>
            <line num="40" count="0" type="stmt"/>
            <line falsecount="0" truecount="0" num="40" type="cond"/>
            <line num="41" count="0" type="stmt"/>
            <line num="43" count="0" type="stmt"/>
            <line falsecount="0" truecount="0" num="43" type="cond"/>
            <line num="44" count="0" type="stmt"/>
            <line falsecount="0" truecount="0" num="44" type="cond"/>
            <line num="45" count="0" type="stmt"/>
            <line num="46" count="0" type="stmt"/>
            <line num="47" count="0" type="stmt"/>
            <line num="50" count="0" type="stmt"/>
            <line num="52" count="0" type="stmt"/>
            <line complexity="1" visibility="public" signature="handleResetClick() : void" num="55" count="0" type="method"/>
            <line num="56" count="0" type="stmt"/>
            <line num="57" count="0" type="stmt"/>
            <line num="58" count="0" type="stmt"/>
            <line num="59" count="0" type="stmt"/>
            <line num="60" count="0" type="stmt"/>
            <line num="61" count="0" type="stmt"/>
            <line num="62" count="0" type="stmt"/>
            <line complexity="1" visibility="public" signature="handleMinusClick() : void" num="65" count="0" type="method"/>
            <line num="66" count="0" type="stmt"/>
            <line num="67" count="0" type="stmt"/>
            <line complexity="1" visibility="public" signature="handlePlusClick() : void" num="70" count="0" type="method"/>
            <line num="71" count="0" type="stmt"/>
            <line num="72" count="0" type="stmt"/>
            <line complexity="1" visibility="public" signature="handleDeleteRecords() : void" num="75" count="0" type="method"/>
            <line num="76" count="0" type="stmt"/>
            <line num="77" count="0" type="stmt"/>
            <line num="78" count="0" type="stmt"/>
            <line num="79" count="0" type="stmt"/>
         </file>
      </package>
      <package name="view">
         <metrics coveredelements="0" complexity="12" loc="60" methods="3" classes="1" statements="32" coveredconditionals="0" coveredmethods="0" elements="53" ncloc="47" files="1" conditionals="18" coveredstatements="0"/>
         <file path="/home/zenol/Desktop/szoftverfejlesztes/beadando/sokoban/src/main/java/view/View.java" name="View.java">
            <metrics coveredelements="0" coveredconditionals="0" complexity="12" loc="60" coveredmethods="0" methods="3" elements="53" classes="1" ncloc="47" statements="32" conditionals="18" coveredstatements="0"/>
            <class name="View">
               <metrics coveredelements="0" coveredconditionals="0" complexity="12" coveredmethods="0" methods="3" elements="53" statements="32" conditionals="18" coveredstatements="0"/>
            </class>
            <line complexity="1" visibility="public" signature="main(String[]) : void" num="18" count="0" type="method"/>
            <line num="19" count="0" type="stmt"/>
            <line complexity="1" visibility="public" signature="start(Stage) : void" num="22" count="0" type="method"/>
            <line num="24" count="0" type="stmt"/>
            <line num="25" count="0" type="stmt"/>
            <line num="26" count="0" type="stmt"/>
            <line num="27" count="0" type="stmt"/>
            <line num="28" count="0" type="stmt"/>
            <line complexity="10" visibility="public" signature="drowTiles(Pane,Model) : void" num="31" count="0" type="method"/>
            <line num="32" count="0" type="stmt"/>
            <line num="33" count="0" type="stmt"/>
            <line num="34" count="0" type="stmt"/>
            <line num="35" count="0" type="stmt"/>
            <line num="36" count="0" type="stmt"/>
            <line num="37" count="0" type="stmt"/>
            <line num="39" count="0" type="stmt"/>
            <line num="40" count="0" type="stmt"/>
            <line num="42" count="0" type="stmt"/>
            <line falsecount="0" truecount="0" num="42" type="cond"/>
            <line num="43" count="0" type="stmt"/>
            <line falsecount="0" truecount="0" num="43" type="cond"/>
            <line num="44" count="0" type="stmt"/>
            <line num="45" count="0" type="stmt"/>
            <line num="45" count="0" type="stmt"/>
            <line falsecount="0" truecount="0" num="45" type="cond"/>
            <line num="46" count="0" type="stmt"/>
            <line num="46" count="0" type="stmt"/>
            <line falsecount="0" truecount="0" num="46" type="cond"/>
            <line num="47" count="0" type="stmt"/>
            <line num="47" count="0" type="stmt"/>
            <line falsecount="0" truecount="0" num="47" type="cond"/>
            <line num="48" count="0" type="stmt"/>
            <line num="48" count="0" type="stmt"/>
            <line falsecount="0" truecount="0" num="48" type="cond"/>
            <line num="49" count="0" type="stmt"/>
            <line num="49" count="0" type="stmt"/>
            <line falsecount="0" truecount="0" num="49" type="cond"/>
            <line num="50" count="0" type="stmt"/>
            <line num="50" count="0" type="stmt"/>
            <line falsecount="0" truecount="0" num="50" type="cond"/>
            <line num="51" count="0" type="stmt"/>
            <line num="51" count="0" type="stmt"/>
            <line falsecount="0" truecount="0" num="51" type="cond"/>
            <line num="52" count="0" type="stmt"/>
         </file>
      </package>
      <package name="model">
         <metrics coveredelements="144" complexity="58" loc="316" methods="20" classes="4" statements="189" coveredconditionals="40" coveredmethods="5" elements="275" ncloc="253" files="4" conditionals="66" coveredstatements="99"/>
         <file path="/home/zenol/Desktop/szoftverfejlesztes/beadando/sokoban/src/main/java/model/Level.java" name="Level.java">
            <metrics coveredelements="130" coveredconditionals="34" complexity="28" loc="94" coveredmethods="4" methods="6" elements="143" classes="1" ncloc="79" statements="95" conditionals="42" coveredstatements="92"/>
            <class name="Level">
               <metrics coveredelements="130" coveredconditionals="34" complexity="28" coveredmethods="4" methods="6" elements="143" statements="95" conditionals="42" coveredstatements="92"/>
            </class>
            <line complexity="3" visibility="public" signature="newCharMap() : void" num="26" count="1" type="method"/>
            <line num="27" count="1" type="stmt"/>
            <line num="28" count="1" type="stmt"/>
            <line num="29" count="1" type="stmt"/>
            <line falsecount="1" truecount="5" num="29" type="cond"/>
            <line num="30" count="5" type="stmt"/>
            <line num="31" count="5" type="stmt"/>
            <line falsecount="5" truecount="30" num="31" type="cond"/>
            <line num="32" count="30" type="stmt"/>
            <line num="34" count="5" type="stmt"/>
            <line num="36" count="1" type="stmt"/>
            <line complexity="19" visibility="public" signature="move(int,int) : void" num="39" count="12" type="method"/>
            <line num="40" count="12" type="stmt"/>
            <line num="41" count="12" type="stmt"/>
            <line num="42" count="12" type="stmt"/>
            <line num="43" count="12" type="stmt"/>
            <line num="45" count="12" type="stmt"/>
            <line falsecount="6" truecount="6" num="45" type="cond"/>
            <line num="46" count="6" type="stmt"/>
            <line num="46" count="1" type="stmt"/>
            <line num="46" count="1" type="stmt"/>
            <line num="46" count="1" type="stmt"/>
            <line num="46" count="1" type="stmt"/>
            <line falsecount="5" truecount="1" num="46" type="cond"/>
            <line num="47" count="5" type="stmt"/>
            <line num="47" count="1" type="stmt"/>
            <line num="47" count="1" type="stmt"/>
            <line num="47" count="1" type="stmt"/>
            <line num="47" count="1" type="stmt"/>
            <line falsecount="4" truecount="1" num="47" type="cond"/>
            <line num="48" count="4" type="stmt"/>
            <line falsecount="2" truecount="2" num="48" type="cond"/>
            <line num="49" count="2" type="stmt"/>
            <line num="49" count="1" type="stmt"/>
            <line num="49" count="1" type="stmt"/>
            <line num="49" count="1" type="stmt"/>
            <line num="49" count="1" type="stmt"/>
            <line num="49" count="1" type="stmt"/>
            <line falsecount="1" truecount="1" num="49" type="cond"/>
            <line num="50" count="1" type="stmt"/>
            <line num="50" count="1" type="stmt"/>
            <line num="50" count="1" type="stmt"/>
            <line num="50" count="1" type="stmt"/>
            <line num="50" count="1" type="stmt"/>
            <line num="50" count="1" type="stmt"/>
            <line falsecount="0" truecount="1" num="50" type="cond"/>
            <line num="52" count="2" type="stmt"/>
            <line falsecount="0" truecount="2" num="52" type="cond"/>
            <line num="53" count="2" type="stmt"/>
            <line num="53" count="1" type="stmt"/>
            <line num="53" count="1" type="stmt"/>
            <line num="53" count="1" type="stmt"/>
            <line num="53" count="1" type="stmt"/>
            <line num="53" count="1" type="stmt"/>
            <line falsecount="1" truecount="1" num="53" type="cond"/>
            <line num="54" count="1" type="stmt"/>
            <line num="54" count="1" type="stmt"/>
            <line num="54" count="1" type="stmt"/>
            <line num="54" count="1" type="stmt"/>
            <line num="54" count="1" type="stmt"/>
            <line num="54" count="1" type="stmt"/>
            <line falsecount="0" truecount="1" num="54" type="cond"/>
            <line num="57" count="6" type="stmt"/>
            <line falsecount="0" truecount="6" num="57" type="cond"/>
            <line num="58" count="6" type="stmt"/>
            <line num="58" count="1" type="stmt"/>
            <line num="58" count="1" type="stmt"/>
            <line num="58" count="1" type="stmt"/>
            <line num="58" count="1" type="stmt"/>
            <line falsecount="5" truecount="1" num="58" type="cond"/>
            <line num="59" count="5" type="stmt"/>
            <line num="59" count="1" type="stmt"/>
            <line num="59" count="1" type="stmt"/>
            <line num="59" count="1" type="stmt"/>
            <line num="59" count="1" type="stmt"/>
            <line falsecount="4" truecount="1" num="59" type="cond"/>
            <line num="60" count="4" type="stmt"/>
            <line falsecount="2" truecount="2" num="60" type="cond"/>
            <line num="61" count="2" type="stmt"/>
            <line num="61" count="1" type="stmt"/>
            <line num="61" count="1" type="stmt"/>
            <line num="61" count="1" type="stmt"/>
            <line num="61" count="1" type="stmt"/>
            <line num="61" count="1" type="stmt"/>
            <line falsecount="1" truecount="1" num="61" type="cond"/>
            <line num="62" count="1" type="stmt"/>
            <line num="62" count="1" type="stmt"/>
            <line num="62" count="1" type="stmt"/>
            <line num="62" count="1" type="stmt"/>
            <line num="62" count="1" type="stmt"/>
            <line num="62" count="1" type="stmt"/>
            <line falsecount="0" truecount="1" num="62" type="cond"/>
            <line num="64" count="2" type="stmt"/>
            <line falsecount="0" truecount="2" num="64" type="cond"/>
            <line num="65" count="2" type="stmt"/>
            <line num="65" count="1" type="stmt"/>
            <line num="65" count="1" type="stmt"/>
            <line num="65" count="1" type="stmt"/>
            <line num="65" count="1" type="stmt"/>
            <line num="65" count="1" type="stmt"/>
            <line falsecount="1" truecount="1" num="65" type="cond"/>
            <line num="66" count="1" type="stmt"/>
            <line num="66" count="1" type="stmt"/>
            <line num="66" count="1" type="stmt"/>
            <line num="66" count="1" type="stmt"/>
            <line num="66" count="1" type="stmt"/>
            <line num="66" count="1" type="stmt"/>
            <line falsecount="0" truecount="1" num="66" type="cond"/>
            <line complexity="3" visibility="public" signature="isLevelOver() : boolean" num="71" count="1" type="method"/>
            <line num="72" count="1" type="stmt"/>
            <line num="73" count="1" type="stmt"/>
            <line num="74" count="6" type="stmt"/>
            <line num="75" count="36" type="stmt"/>
            <line num="75" count="0" type="stmt"/>
            <line falsecount="36" truecount="0" num="75" type="cond"/>
            <line num="78" count="1" type="stmt"/>
            <line complexity="1" visibility="public" signature="deletCharMap() : void" num="81" count="0" type="method"/>
            <line num="82" count="0" type="stmt"/>
            <line complexity="1" visibility="public" signature="addStep() : void" num="85" count="12" type="method"/>
            <line num="86" count="12" type="stmt"/>
            <line complexity="1" visibility="public" signature="getStepToString() : String" num="89" count="0" type="method"/>
            <line num="90" count="0" type="stmt"/>
         </file>
         <file path="/home/zenol/Desktop/szoftverfejlesztes/beadando/sokoban/src/main/java/model/Model.java" name="Model.java">
            <metrics coveredelements="0" coveredconditionals="0" complexity="22" loc="171" coveredmethods="0" methods="11" elements="109" classes="1" ncloc="135" statements="82" conditionals="16" coveredstatements="0"/>
            <class name="Model">
               <metrics coveredelements="0" coveredconditionals="0" complexity="22" coveredmethods="0" methods="11" elements="109" statements="82" conditionals="16" coveredstatements="0"/>
            </class>
            <line complexity="1" visibility="public" signature="Model()" num="25" count="0" type="method"/>
            <line num="26" count="0" type="stmt"/>
            <line num="27" count="0" type="stmt"/>
            <line num="28" count="0" type="stmt"/>
            <line num="29" count="0" type="stmt"/>
            <line num="30" count="0" type="stmt"/>
            <line complexity="1" visibility="public" signature="levelFileReader() : List&lt;Level&gt;" num="33" count="0" type="method"/>
            <line num="34" count="0" type="stmt"/>
            <line num="35" count="0" type="stmt"/>
            <line num="36" count="0" type="stmt"/>
            <line num="37" count="0" type="stmt"/>
            <line num="38" count="0" type="stmt"/>
            <line num="39" count="0" type="stmt"/>
            <line complexity="2" visibility="public" signature="saveFileReader() : List&lt;Save&gt;" num="43" count="0" type="method"/>
            <line num="44" count="0" type="stmt"/>
            <line num="45" count="0" type="stmt"/>
            <line num="46" count="0" type="stmt"/>
            <line num="47" count="0" type="stmt"/>
            <line num="48" count="0" type="stmt"/>
            <line num="49" count="0" type="stmt"/>
            <line num="50" count="0" type="stmt"/>
            <line num="51" count="0" type="stmt"/>
            <line num="52" count="0" type="stmt"/>
            <line num="54" count="0" type="stmt"/>
            <line num="55" count="0" type="stmt"/>
            <line num="56" count="0" type="stmt"/>
            <line num="58" count="0" type="stmt"/>
            <line complexity="4" visibility="public" signature="saveFileWriter() : void" num="61" count="0" type="method"/>
            <line num="62" count="0" type="stmt"/>
            <line num="63" count="0" type="stmt"/>
            <line num="64" count="0" type="stmt"/>
            <line num="65" count="0" type="stmt"/>
            <line num="66" count="0" type="stmt"/>
            <line falsecount="0" truecount="0" num="66" type="cond"/>
            <line num="67" count="0" type="stmt"/>
            <line num="69" count="0" type="stmt"/>
            <line num="70" count="0" type="stmt"/>
            <line num="71" count="0" type="stmt"/>
            <line num="73" count="0" type="stmt"/>
            <line num="75" count="0" type="stmt"/>
            <line num="77" count="0" type="stmt"/>
            <line num="78" count="0" type="stmt"/>
            <line num="79" count="0" type="stmt"/>
            <line num="81" count="0" type="stmt"/>
            <line num="82" count="0" type="stmt"/>
            <line complexity="2" visibility="public" signature="nextLevel(String) : String" num="87" count="0" type="method"/>
            <line num="88" count="0" type="stmt"/>
            <line num="89" count="0" type="stmt"/>
            <line num="90" count="0" type="stmt"/>
            <line num="90" count="0" type="stmt"/>
            <line falsecount="0" truecount="0" num="90" type="cond"/>
            <line num="91" count="0" type="stmt"/>
            <line complexity="2" visibility="public" signature="previousLevel(String) : String" num="94" count="0" type="method"/>
            <line num="95" count="0" type="stmt"/>
            <line num="96" count="0" type="stmt"/>
            <line num="97" count="0" type="stmt"/>
            <line num="97" count="0" type="stmt"/>
            <line falsecount="0" truecount="0" num="97" type="cond"/>
            <line num="98" count="0" type="stmt"/>
            <line complexity="1" visibility="public" signature="setNewLevel(String) : void" num="101" count="0" type="method"/>
            <line num="102" count="0" type="stmt"/>
            <line num="103" count="0" type="stmt"/>
            <line num="104" count="0" type="stmt"/>
            <line num="105" count="0" type="stmt"/>
            <line num="106" count="0" type="stmt"/>
            <line num="107" count="0" type="stmt"/>
            <line complexity="4" visibility="public" signature="getScale(Pane) : int" num="113" count="0" type="method"/>
            <line num="114" count="0" type="stmt"/>
            <line num="115" count="0" type="stmt"/>
            <line num="116" count="0" type="stmt"/>
            <line num="117" count="0" type="stmt"/>
            <line num="119" count="0" type="stmt"/>
            <line falsecount="0" truecount="0" num="119" type="cond"/>
            <line num="120" count="0" type="stmt"/>
            <line num="122" count="0" type="stmt"/>
            <line falsecount="0" truecount="0" num="122" type="cond"/>
            <line num="123" count="0" type="stmt"/>
            <line num="126" count="0" type="stmt"/>
            <line num="127" count="0" type="stmt"/>
            <line num="129" count="0" type="stmt"/>
            <line falsecount="0" truecount="0" num="129" type="cond"/>
            <line num="130" count="0" type="stmt"/>
            <line num="133" count="0" type="stmt"/>
            <line num="135" count="0" type="stmt"/>
            <line complexity="1" visibility="public" signature="getLevel() : Level" num="139" count="0" type="method"/>
            <line num="140" count="0" type="stmt"/>
            <line complexity="3" visibility="public" signature="getSave() : Save" num="143" count="0" type="method"/>
            <line num="144" count="0" type="stmt"/>
            <line num="145" count="0" type="stmt"/>
            <line falsecount="0" truecount="0" num="145" type="cond"/>
            <line num="146" count="0" type="stmt"/>
            <line num="147" count="0" type="stmt"/>
            <line falsecount="0" truecount="0" num="147" type="cond"/>
            <line num="149" count="0" type="stmt"/>
            <line num="153" count="0" type="stmt"/>
            <line num="154" count="0" type="stmt"/>
            <line num="155" count="0" type="stmt"/>
            <line num="156" count="0" type="stmt"/>
            <line complexity="1" visibility="public" signature="deleteSaves() : void" num="160" count="0" type="method"/>
            <line num="161" count="0" type="stmt"/>
            <line num="162" count="0" type="stmt"/>
         </file>
         <file path="/home/zenol/Desktop/szoftverfejlesztes/beadando/sokoban/src/main/java/model/Position.java" name="Position.java">
            <metrics coveredelements="14" coveredconditionals="6" complexity="4" loc="26" coveredmethods="1" methods="1" elements="14" classes="1" ncloc="20" statements="7" conditionals="6" coveredstatements="7"/>
            <class name="Position">
               <metrics coveredelements="14" coveredconditionals="6" complexity="4" coveredmethods="1" methods="1" elements="14" statements="7" conditionals="6" coveredstatements="7"/>
            </class>
            <line complexity="4" visibility="public" signature="setPosition(List&lt;List&lt;Character&gt;&gt;) : void" num="15" count="12" type="method"/>
            <line num="16" count="12" type="stmt"/>
            <line falsecount="12" truecount="72" num="16" type="cond"/>
            <line num="17" count="72" type="stmt"/>
            <line falsecount="66" truecount="6" num="17" type="cond"/>
            <line num="18" count="6" type="stmt"/>
            <line num="19" count="6" type="stmt"/>
            <line num="20" count="66" type="stmt"/>
            <line falsecount="60" truecount="6" num="20" type="cond"/>
            <line num="21" count="6" type="stmt"/>
            <line num="22" count="6" type="stmt"/>
         </file>
         <file path="/home/zenol/Desktop/szoftverfejlesztes/beadando/sokoban/src/main/java/model/Save.java" name="Save.java">
            <metrics coveredelements="0" coveredconditionals="0" complexity="4" loc="25" coveredmethods="0" methods="2" elements="9" classes="1" ncloc="19" statements="5" conditionals="2" coveredstatements="0"/>
            <class name="Save">
               <metrics coveredelements="0" coveredconditionals="0" complexity="4" coveredmethods="0" methods="2" elements="9" statements="5" conditionals="2" coveredstatements="0"/>
            </class>
            <line complexity="1" visibility="public" signature="Save(int)" num="12" count="0" type="method"/>
            <line num="13" count="0" type="stmt"/>
            <line num="14" count="0" type="stmt"/>
            <line complexity="3" visibility="public" signature="isNewRecord(String) : boolean" num="17" count="0" type="method"/>
            <line num="18" count="0" type="stmt"/>
            <line falsecount="0" truecount="0" num="18" type="cond"/>
            <line num="19" count="0" type="stmt"/>
            <line num="21" count="0" type="stmt"/>
         </file>
      </package>
   </project>
   <testproject name="sokoban 1.0-SNAPSHOT" timestamp="1557925415601">
      <metrics coveredelements="249" complexity="5" loc="329" methods="5" classes="2" statements="244" packages="1" coveredconditionals="0" coveredmethods="5" elements="249" ncloc="272" files="2" conditionals="0" coveredstatements="244"/>
      <package name="default-pkg">
         <metrics coveredelements="249" complexity="5" loc="329" methods="5" classes="2" statements="244" coveredconditionals="0" coveredmethods="5" elements="249" ncloc="272" files="2" conditionals="0" coveredstatements="244"/>
         <file path="/home/zenol/Desktop/szoftverfejlesztes/beadando/sokoban/src/test/java/LevelTest.java" name="LevelTest.java">
            <metrics coveredelements="248" coveredconditionals="0" complexity="4" loc="321" coveredmethods="4" methods="4" elements="248" classes="1" ncloc="266" statements="244" conditionals="0" coveredstatements="244"/>
            <class name="LevelTest">
               <metrics coveredelements="248" coveredconditionals="0" complexity="4" coveredmethods="4" methods="4" elements="248" statements="244" conditionals="0" coveredstatements="244"/>
            </class>
            <line complexity="1" visibility="package" signature="testNewCharMAp() : void" num="13" count="1" type="method"/>
            <line num="15" count="1" type="stmt"/>
            <line num="16" count="1" type="stmt"/>
            <line num="18" count="1" type="stmt"/>
            <line num="19" count="1" type="stmt"/>
            <line num="20" count="1" type="stmt"/>
            <line num="21" count="1" type="stmt"/>
            <line num="22" count="1" type="stmt"/>
            <line num="24" count="1" type="stmt"/>
            <line num="25" count="1" type="stmt"/>
            <line num="26" count="1" type="stmt"/>
            <line num="27" count="1" type="stmt"/>
            <line num="28" count="1" type="stmt"/>
            <line num="30" count="1" type="stmt"/>
            <line num="31" count="1" type="stmt"/>
            <line num="32" count="1" type="stmt"/>
            <line num="34" count="1" type="stmt"/>
            <line complexity="1" visibility="package" signature="testMoveUp1() : void" num="37" count="1" type="method"/>
            <line num="39" count="1" type="stmt"/>
            <line num="40" count="1" type="stmt"/>
            <line num="41" count="1" type="stmt"/>
            <line num="42" count="1" type="stmt"/>
            <line num="43" count="1" type="stmt"/>
            <line num="44" count="1" type="stmt"/>
            <line num="45" count="1" type="stmt"/>
            <line num="47" count="1" type="stmt"/>
            <line num="48" count="1" type="stmt"/>
            <line num="49" count="1" type="stmt"/>
            <line num="50" count="1" type="stmt"/>
            <line num="51" count="1" type="stmt"/>
            <line num="52" count="1" type="stmt"/>
            <line num="53" count="1" type="stmt"/>
            <line num="55" count="1" type="stmt"/>
            <line num="56" count="1" type="stmt"/>
            <line num="57" count="1" type="stmt"/>
            <line num="58" count="1" type="stmt"/>
            <line num="59" count="1" type="stmt"/>
            <line num="60" count="1" type="stmt"/>
            <line num="61" count="1" type="stmt"/>
            <line num="63" count="1" type="stmt"/>
            <line num="64" count="1" type="stmt"/>
            <line num="65" count="1" type="stmt"/>
            <line num="66" count="1" type="stmt"/>
            <line num="67" count="1" type="stmt"/>
            <line num="68" count="1" type="stmt"/>
            <line num="69" count="1" type="stmt"/>
            <line num="71" count="1" type="stmt"/>
            <line num="72" count="1" type="stmt"/>
            <line num="73" count="1" type="stmt"/>
            <line num="74" count="1" type="stmt"/>
            <line num="75" count="1" type="stmt"/>
            <line num="76" count="1" type="stmt"/>
            <line num="77" count="1" type="stmt"/>
            <line num="79" count="1" type="stmt"/>
            <line num="80" count="1" type="stmt"/>
            <line num="81" count="1" type="stmt"/>
            <line num="82" count="1" type="stmt"/>
            <line num="83" count="1" type="stmt"/>
            <line num="84" count="1" type="stmt"/>
            <line num="85" count="1" type="stmt"/>
            <line num="87" count="1" type="stmt"/>
            <line num="88" count="1" type="stmt"/>
            <line num="89" count="1" type="stmt"/>
            <line num="90" count="1" type="stmt"/>
            <line num="91" count="1" type="stmt"/>
            <line num="92" count="1" type="stmt"/>
            <line num="93" count="1" type="stmt"/>
            <line num="94" count="1" type="stmt"/>
            <line num="95" count="1" type="stmt"/>
            <line num="96" count="1" type="stmt"/>
            <line num="97" count="1" type="stmt"/>
            <line num="98" count="1" type="stmt"/>
            <line num="100" count="1" type="stmt"/>
            <line num="101" count="1" type="stmt"/>
            <line num="102" count="1" type="stmt"/>
            <line num="103" count="1" type="stmt"/>
            <line num="104" count="1" type="stmt"/>
            <line num="105" count="1" type="stmt"/>
            <line num="106" count="1" type="stmt"/>
            <line num="107" count="1" type="stmt"/>
            <line num="108" count="1" type="stmt"/>
            <line num="109" count="1" type="stmt"/>
            <line num="110" count="1" type="stmt"/>
            <line num="112" count="1" type="stmt"/>
            <line num="113" count="1" type="stmt"/>
            <line num="114" count="1" type="stmt"/>
            <line num="115" count="1" type="stmt"/>
            <line num="116" count="1" type="stmt"/>
            <line num="117" count="1" type="stmt"/>
            <line num="118" count="1" type="stmt"/>
            <line num="119" count="1" type="stmt"/>
            <line num="120" count="1" type="stmt"/>
            <line num="121" count="1" type="stmt"/>
            <line num="122" count="1" type="stmt"/>
            <line num="124" count="1" type="stmt"/>
            <line num="125" count="1" type="stmt"/>
            <line num="126" count="1" type="stmt"/>
            <line num="127" count="1" type="stmt"/>
            <line num="128" count="1" type="stmt"/>
            <line num="129" count="1" type="stmt"/>
            <line num="130" count="1" type="stmt"/>
            <line num="131" count="1" type="stmt"/>
            <line num="132" count="1" type="stmt"/>
            <line num="133" count="1" type="stmt"/>
            <line num="134" count="1" type="stmt"/>
            <line num="136" count="1" type="stmt"/>
            <line num="137" count="1" type="stmt"/>
            <line num="138" count="1" type="stmt"/>
            <line num="139" count="1" type="stmt"/>
            <line num="140" count="1" type="stmt"/>
            <line num="141" count="1" type="stmt"/>
            <line num="142" count="1" type="stmt"/>
            <line num="143" count="1" type="stmt"/>
            <line num="144" count="1" type="stmt"/>
            <line num="145" count="1" type="stmt"/>
            <line num="146" count="1" type="stmt"/>
            <line num="148" count="1" type="stmt"/>
            <line num="149" count="1" type="stmt"/>
            <line num="150" count="1" type="stmt"/>
            <line num="151" count="1" type="stmt"/>
            <line num="152" count="1" type="stmt"/>
            <line num="153" count="1" type="stmt"/>
            <line num="154" count="1" type="stmt"/>
            <line num="155" count="1" type="stmt"/>
            <line num="156" count="1" type="stmt"/>
            <line num="157" count="1" type="stmt"/>
            <line num="158" count="1" type="stmt"/>
            <line complexity="1" visibility="package" signature="testMoveUp2() : void" num="160" count="1" type="method"/>
            <line num="162" count="1" type="stmt"/>
            <line num="164" count="1" type="stmt"/>
            <line num="165" count="1" type="stmt"/>
            <line num="166" count="1" type="stmt"/>
            <line num="167" count="1" type="stmt"/>
            <line num="168" count="1" type="stmt"/>
            <line num="169" count="1" type="stmt"/>
            <line num="170" count="1" type="stmt"/>
            <line num="172" count="1" type="stmt"/>
            <line num="173" count="1" type="stmt"/>
            <line num="174" count="1" type="stmt"/>
            <line num="175" count="1" type="stmt"/>
            <line num="176" count="1" type="stmt"/>
            <line num="177" count="1" type="stmt"/>
            <line num="178" count="1" type="stmt"/>
            <line num="180" count="1" type="stmt"/>
            <line num="181" count="1" type="stmt"/>
            <line num="182" count="1" type="stmt"/>
            <line num="183" count="1" type="stmt"/>
            <line num="184" count="1" type="stmt"/>
            <line num="185" count="1" type="stmt"/>
            <line num="186" count="1" type="stmt"/>
            <line num="188" count="1" type="stmt"/>
            <line num="189" count="1" type="stmt"/>
            <line num="190" count="1" type="stmt"/>
            <line num="191" count="1" type="stmt"/>
            <line num="192" count="1" type="stmt"/>
            <line num="193" count="1" type="stmt"/>
            <line num="194" count="1" type="stmt"/>
            <line num="196" count="1" type="stmt"/>
            <line num="197" count="1" type="stmt"/>
            <line num="198" count="1" type="stmt"/>
            <line num="199" count="1" type="stmt"/>
            <line num="200" count="1" type="stmt"/>
            <line num="201" count="1" type="stmt"/>
            <line num="202" count="1" type="stmt"/>
            <line num="204" count="1" type="stmt"/>
            <line num="205" count="1" type="stmt"/>
            <line num="206" count="1" type="stmt"/>
            <line num="207" count="1" type="stmt"/>
            <line num="208" count="1" type="stmt"/>
            <line num="209" count="1" type="stmt"/>
            <line num="210" count="1" type="stmt"/>
            <line num="212" count="1" type="stmt"/>
            <line num="213" count="1" type="stmt"/>
            <line num="214" count="1" type="stmt"/>
            <line num="215" count="1" type="stmt"/>
            <line num="216" count="1" type="stmt"/>
            <line num="217" count="1" type="stmt"/>
            <line num="218" count="1" type="stmt"/>
            <line num="219" count="1" type="stmt"/>
            <line num="220" count="1" type="stmt"/>
            <line num="221" count="1" type="stmt"/>
            <line num="222" count="1" type="stmt"/>
            <line num="224" count="1" type="stmt"/>
            <line num="225" count="1" type="stmt"/>
            <line num="226" count="1" type="stmt"/>
            <line num="227" count="1" type="stmt"/>
            <line num="228" count="1" type="stmt"/>
            <line num="229" count="1" type="stmt"/>
            <line num="230" count="1" type="stmt"/>
            <line num="231" count="1" type="stmt"/>
            <line num="232" count="1" type="stmt"/>
            <line num="233" count="1" type="stmt"/>
            <line num="234" count="1" type="stmt"/>
            <line num="236" count="1" type="stmt"/>
            <line num="237" count="1" type="stmt"/>
            <line num="238" count="1" type="stmt"/>
            <line num="239" count="1" type="stmt"/>
            <line num="240" count="1" type="stmt"/>
            <line num="241" count="1" type="stmt"/>
            <line num="242" count="1" type="stmt"/>
            <line num="243" count="1" type="stmt"/>
            <line num="244" count="1" type="stmt"/>
            <line num="245" count="1" type="stmt"/>
            <line num="246" count="1" type="stmt"/>
            <line num="248" count="1" type="stmt"/>
            <line num="249" count="1" type="stmt"/>
            <line num="250" count="1" type="stmt"/>
            <line num="251" count="1" type="stmt"/>
            <line num="252" count="1" type="stmt"/>
            <line num="253" count="1" type="stmt"/>
            <line num="254" count="1" type="stmt"/>
            <line num="255" count="1" type="stmt"/>
            <line num="256" count="1" type="stmt"/>
            <line num="257" count="1" type="stmt"/>
            <line num="258" count="1" type="stmt"/>
            <line num="260" count="1" type="stmt"/>
            <line num="261" count="1" type="stmt"/>
            <line num="262" count="1" type="stmt"/>
            <line num="263" count="1" type="stmt"/>
            <line num="264" count="1" type="stmt"/>
            <line num="265" count="1" type="stmt"/>
            <line num="266" count="1" type="stmt"/>
            <line num="267" count="1" type="stmt"/>
            <line num="268" count="1" type="stmt"/>
            <line num="269" count="1" type="stmt"/>
            <line num="270" count="1" type="stmt"/>
            <line num="272" count="1" type="stmt"/>
            <line num="273" count="1" type="stmt"/>
            <line num="274" count="1" type="stmt"/>
            <line num="275" count="1" type="stmt"/>
            <line num="276" count="1" type="stmt"/>
            <line num="277" count="1" type="stmt"/>
            <line num="278" count="1" type="stmt"/>
            <line num="279" count="1" type="stmt"/>
            <line num="280" count="1" type="stmt"/>
            <line num="281" count="1" type="stmt"/>
            <line num="282" count="1" type="stmt"/>
            <line complexity="1" visibility="package" signature="testIsLevelOver() : void" num="285" count="1" type="method"/>
            <line num="287" count="1" type="stmt"/>
            <line num="288" count="1" type="stmt"/>
            <line num="289" count="1" type="stmt"/>
            <line num="290" count="1" type="stmt"/>
            <line num="291" count="1" type="stmt"/>
            <line num="292" count="1" type="stmt"/>
            <line num="293" count="1" type="stmt"/>
            <line num="295" count="1" type="stmt"/>
            <line num="296" count="1" type="stmt"/>
            <line num="297" count="1" type="stmt"/>
         </file>
         <file path="/home/zenol/Desktop/szoftverfejlesztes/beadando/sokoban/src/test/java/ModelTest.java" name="ModelTest.java">
            <metrics coveredelements="1" coveredconditionals="0" complexity="1" loc="8" coveredmethods="1" methods="1" elements="1" classes="1" ncloc="6" statements="0" conditionals="0" coveredstatements="0"/>
            <class name="ModelTest">
               <metrics coveredelements="1" coveredconditionals="0" complexity="1" coveredmethods="1" methods="1" elements="1" statements="0" conditionals="0" coveredstatements="0"/>
            </class>
            <line complexity="1" visibility="package" signature="name() : void" num="4" count="1" type="method"/>
         </file>
      </package>
   </testproject>
</coverage>