<?xml version="1.0" encoding="UTF-8"?>
<coverage generated="1557952079881" clover="4.3.1">
   <project name="sokoban 1.0-SNAPSHOT" timestamp="1557952052846">
      <metrics coveredelements="211" complexity="83" loc="598" methods="30" classes="7" statements="250" packages="4" coveredconditionals="49" coveredmethods="17" elements="376" ncloc="374" files="7" conditionals="96" coveredstatements="145"/>
      <package name="default-pkg">
         <metrics coveredelements="0" complexity="1" loc="7" methods="1" classes="1" statements="1" coveredconditionals="0" coveredmethods="0" elements="2" ncloc="6" files="1" conditionals="0" coveredstatements="0"/>
         <file path="/home/zenol/Desktop/szoftverfejlesztes/beadando/sokoban/src/main/java/Launcher.java" name="Launcher.java">
            <metrics coveredelements="0" coveredconditionals="0" complexity="1" loc="7" coveredmethods="0" methods="1" elements="2" classes="1" ncloc="6" statements="1" conditionals="0" coveredstatements="0"/>
            <class name="Launcher">
               <metrics coveredelements="0" coveredconditionals="0" complexity="1" coveredmethods="0" methods="1" elements="2" statements="1" conditionals="0" coveredstatements="0"/>
            </class>
            <line complexity="1" visibility="public" signature="main(String[]) : void" num="4" count="0" type="method"/>
            <line num="5" count="0" type="stmt"/>
         </file>
      </package>
      <package name="controller">
         <metrics coveredelements="0" complexity="12" loc="86" methods="6" classes="1" statements="32" coveredconditionals="0" coveredmethods="0" elements="50" ncloc="68" files="1" conditionals="12" coveredstatements="0"/>
         <file path="/home/zenol/Desktop/szoftverfejlesztes/beadando/sokoban/src/main/java/controller/Controller.java" name="Controller.java">
            <metrics coveredelements="0" coveredconditionals="0" complexity="12" loc="86" coveredmethods="0" methods="6" elements="50" classes="1" ncloc="68" statements="32" conditionals="12" coveredstatements="0"/>
            <class name="Controller">
               <metrics coveredelements="0" coveredconditionals="0" complexity="12" coveredmethods="0" methods="6" elements="50" statements="32" conditionals="12" coveredstatements="0"/>
            </class>
            <line complexity="1" visibility="public" signature="initialize(URL,ResourceBundle) : void" num="31" count="0" type="method"/>
            <line num="33" count="0" type="stmt"/>
            <line complexity="7" visibility="public" signature="handleKeyPress(KeyEvent) : void" num="36" count="0" type="method"/>
            <line num="37" count="0" type="stmt"/>
            <line num="37" count="0" type="stmt"/>
            <line falsecount="0" truecount="0" num="37" type="cond"/>
            <line num="38" count="0" type="stmt"/>
            <line num="38" count="0" type="stmt"/>
            <line falsecount="0" truecount="0" num="38" type="cond"/>
            <line num="39" count="0" type="stmt"/>
            <line num="39" count="0" type="stmt"/>
            <line falsecount="0" truecount="0" num="39" type="cond"/>
            <line num="40" count="0" type="stmt"/>
            <line num="40" count="0" type="stmt"/>
            <line falsecount="0" truecount="0" num="40" type="cond"/>
            <line num="41" count="0" type="stmt"/>
            <line num="43" count="0" type="stmt"/>
            <line falsecount="0" truecount="0" num="43" type="cond"/>
            <line num="44" count="0" type="stmt"/>
            <line falsecount="0" truecount="0" num="44" type="cond"/>
            <line num="45" count="0" type="stmt"/>
            <line num="46" count="0" type="stmt"/>
            <line num="47" count="0" type="stmt"/>
            <line num="50" count="0" type="stmt"/>
            <line num="52" count="0" type="stmt"/>
            <line complexity="1" visibility="public" signature="handleResetClick() : void" num="55" count="0" type="method"/>
            <line num="56" count="0" type="stmt"/>
            <line num="57" count="0" type="stmt"/>
            <line num="58" count="0" type="stmt"/>
            <line num="59" count="0" type="stmt"/>
            <line num="60" count="0" type="stmt"/>
            <line num="61" count="0" type="stmt"/>
            <line num="62" count="0" type="stmt"/>
            <line complexity="1" visibility="public" signature="handleMinusClick() : void" num="65" count="0" type="method"/>
            <line num="67" count="0" type="stmt"/>
            <line num="68" count="0" type="stmt"/>
            <line complexity="1" visibility="public" signature="handlePlusClick() : void" num="71" count="0" type="method"/>
            <line num="73" count="0" type="stmt"/>
            <line num="74" count="0" type="stmt"/>
            <line complexity="1" visibility="public" signature="handleDeleteRecords() : void" num="77" count="0" type="method"/>
            <line num="78" count="0" type="stmt"/>
            <line num="79" count="0" type="stmt"/>
            <line num="80" count="0" type="stmt"/>
            <line num="81" count="0" type="stmt"/>
         </file>
      </package>
      <package name="view">
         <metrics coveredelements="0" complexity="12" loc="60" methods="3" classes="1" statements="32" coveredconditionals="0" coveredmethods="0" elements="53" ncloc="47" files="1" conditionals="18" coveredstatements="0"/>
         <file path="/home/zenol/Desktop/szoftverfejlesztes/beadando/sokoban/src/main/java/view/View.java" name="View.java">
            <metrics coveredelements="0" coveredconditionals="0" complexity="12" loc="60" coveredmethods="0" methods="3" elements="53" classes="1" ncloc="47" statements="32" conditionals="18" coveredstatements="0"/>
            <class name="View">
               <metrics coveredelements="0" coveredconditionals="0" complexity="12" coveredmethods="0" methods="3" elements="53" statements="32" conditionals="18" coveredstatements="0"/>
            </class>
            <line complexity="1" visibility="public" signature="main(String[]) : void" num="18" count="0" type="method"/>
            <line num="19" count="0" type="stmt"/>
            <line complexity="1" visibility="public" signature="start(Stage) : void" num="22" count="0" type="method"/>
            <line num="24" count="0" type="stmt"/>
            <line num="25" count="0" type="stmt"/>
            <line num="26" count="0" type="stmt"/>
            <line num="27" count="0" type="stmt"/>
            <line num="28" count="0" type="stmt"/>
            <line complexity="10" visibility="public" signature="drowTiles(Pane,Model) : void" num="31" count="0" type="method"/>
            <line num="32" count="0" type="stmt"/>
            <line num="33" count="0" type="stmt"/>
            <line num="34" count="0" type="stmt"/>
            <line num="35" count="0" type="stmt"/>
            <line num="36" count="0" type="stmt"/>
            <line num="37" count="0" type="stmt"/>
            <line num="39" count="0" type="stmt"/>
            <line num="40" count="0" type="stmt"/>
            <line num="42" count="0" type="stmt"/>
            <line falsecount="0" truecount="0" num="42" type="cond"/>
            <line num="43" count="0" type="stmt"/>
            <line falsecount="0" truecount="0" num="43" type="cond"/>
            <line num="44" count="0" type="stmt"/>
            <line num="45" count="0" type="stmt"/>
            <line num="45" count="0" type="stmt"/>
            <line falsecount="0" truecount="0" num="45" type="cond"/>
            <line num="46" count="0" type="stmt"/>
            <line num="46" count="0" type="stmt"/>
            <line falsecount="0" truecount="0" num="46" type="cond"/>
            <line num="47" count="0" type="stmt"/>
            <line num="47" count="0" type="stmt"/>
            <line falsecount="0" truecount="0" num="47" type="cond"/>
            <line num="48" count="0" type="stmt"/>
            <line num="48" count="0" type="stmt"/>
            <line falsecount="0" truecount="0" num="48" type="cond"/>
            <line num="49" count="0" type="stmt"/>
            <line num="49" count="0" type="stmt"/>
            <line falsecount="0" truecount="0" num="49" type="cond"/>
            <line num="50" count="0" type="stmt"/>
            <line num="50" count="0" type="stmt"/>
            <line falsecount="0" truecount="0" num="50" type="cond"/>
            <line num="51" count="0" type="stmt"/>
            <line num="51" count="0" type="stmt"/>
            <line falsecount="0" truecount="0" num="51" type="cond"/>
            <line num="52" count="0" type="stmt"/>
         </file>
      </package>
      <package name="model">
         <metrics coveredelements="211" complexity="58" loc="445" methods="20" classes="4" statements="185" coveredconditionals="49" coveredmethods="17" elements="271" ncloc="253" files="4" conditionals="66" coveredstatements="145"/>
         <file path="/home/zenol/Desktop/szoftverfejlesztes/beadando/sokoban/src/main/java/model/Level.java" name="Level.java">
            <metrics coveredelements="133" coveredconditionals="34" complexity="28" loc="142" coveredmethods="6" methods="6" elements="142" classes="1" ncloc="78" statements="94" conditionals="42" coveredstatements="93"/>
            <class name="Level">
               <metrics coveredelements="133" coveredconditionals="34" complexity="28" coveredmethods="6" methods="6" elements="142" statements="94" conditionals="42" coveredstatements="93"/>
            </class>
            <line complexity="3" visibility="public" signature="newCharMap() : void" num="55" count="24" type="method"/>
            <line num="56" count="24" type="stmt"/>
            <line num="57" count="24" type="stmt"/>
            <line num="58" count="24" type="stmt"/>
            <line falsecount="24" truecount="280" num="58" type="cond"/>
            <line num="59" count="280" type="stmt"/>
            <line num="60" count="280" type="stmt"/>
            <line falsecount="280" truecount="2980" num="60" type="cond"/>
            <line num="61" count="2980" type="stmt"/>
            <line num="63" count="280" type="stmt"/>
            <line complexity="19" visibility="public" signature="move(int,int) : void" num="73" count="48" type="method"/>
            <line num="74" count="48" type="stmt"/>
            <line num="75" count="48" type="stmt"/>
            <line num="76" count="48" type="stmt"/>
            <line num="77" count="48" type="stmt"/>
            <line num="79" count="48" type="stmt"/>
            <line falsecount="24" truecount="24" num="79" type="cond"/>
            <line num="80" count="24" type="stmt"/>
            <line num="80" count="4" type="stmt"/>
            <line num="80" count="4" type="stmt"/>
            <line num="80" count="4" type="stmt"/>
            <line num="80" count="4" type="stmt"/>
            <line falsecount="20" truecount="4" num="80" type="cond"/>
            <line num="81" count="20" type="stmt"/>
            <line num="81" count="4" type="stmt"/>
            <line num="81" count="4" type="stmt"/>
            <line num="81" count="4" type="stmt"/>
            <line num="81" count="4" type="stmt"/>
            <line falsecount="16" truecount="4" num="81" type="cond"/>
            <line num="82" count="16" type="stmt"/>
            <line falsecount="8" truecount="8" num="82" type="cond"/>
            <line num="83" count="8" type="stmt"/>
            <line num="83" count="4" type="stmt"/>
            <line num="83" count="4" type="stmt"/>
            <line num="83" count="4" type="stmt"/>
            <line num="83" count="4" type="stmt"/>
            <line num="83" count="4" type="stmt"/>
            <line falsecount="4" truecount="4" num="83" type="cond"/>
            <line num="84" count="4" type="stmt"/>
            <line num="84" count="4" type="stmt"/>
            <line num="84" count="4" type="stmt"/>
            <line num="84" count="4" type="stmt"/>
            <line num="84" count="4" type="stmt"/>
            <line num="84" count="4" type="stmt"/>
            <line falsecount="0" truecount="4" num="84" type="cond"/>
            <line num="86" count="8" type="stmt"/>
            <line falsecount="0" truecount="8" num="86" type="cond"/>
            <line num="87" count="8" type="stmt"/>
            <line num="87" count="4" type="stmt"/>
            <line num="87" count="4" type="stmt"/>
            <line num="87" count="4" type="stmt"/>
            <line num="87" count="4" type="stmt"/>
            <line num="87" count="4" type="stmt"/>
            <line falsecount="4" truecount="4" num="87" type="cond"/>
            <line num="88" count="4" type="stmt"/>
            <line num="88" count="4" type="stmt"/>
            <line num="88" count="4" type="stmt"/>
            <line num="88" count="4" type="stmt"/>
            <line num="88" count="4" type="stmt"/>
            <line num="88" count="4" type="stmt"/>
            <line falsecount="0" truecount="4" num="88" type="cond"/>
            <line num="91" count="24" type="stmt"/>
            <line falsecount="0" truecount="24" num="91" type="cond"/>
            <line num="92" count="24" type="stmt"/>
            <line num="92" count="4" type="stmt"/>
            <line num="92" count="4" type="stmt"/>
            <line num="92" count="4" type="stmt"/>
            <line num="92" count="4" type="stmt"/>
            <line falsecount="20" truecount="4" num="92" type="cond"/>
            <line num="93" count="20" type="stmt"/>
            <line num="93" count="4" type="stmt"/>
            <line num="93" count="4" type="stmt"/>
            <line num="93" count="4" type="stmt"/>
            <line num="93" count="4" type="stmt"/>
            <line falsecount="16" truecount="4" num="93" type="cond"/>
            <line num="94" count="16" type="stmt"/>
            <line falsecount="8" truecount="8" num="94" type="cond"/>
            <line num="95" count="8" type="stmt"/>
            <line num="95" count="4" type="stmt"/>
            <line num="95" count="4" type="stmt"/>
            <line num="95" count="4" type="stmt"/>
            <line num="95" count="4" type="stmt"/>
            <line num="95" count="4" type="stmt"/>
            <line falsecount="4" truecount="4" num="95" type="cond"/>
            <line num="96" count="4" type="stmt"/>
            <line num="96" count="4" type="stmt"/>
            <line num="96" count="4" type="stmt"/>
            <line num="96" count="4" type="stmt"/>
            <line num="96" count="4" type="stmt"/>
            <line num="96" count="4" type="stmt"/>
            <line falsecount="0" truecount="4" num="96" type="cond"/>
            <line num="98" count="8" type="stmt"/>
            <line falsecount="0" truecount="8" num="98" type="cond"/>
            <line num="99" count="8" type="stmt"/>
            <line num="99" count="4" type="stmt"/>
            <line num="99" count="4" type="stmt"/>
            <line num="99" count="4" type="stmt"/>
            <line num="99" count="4" type="stmt"/>
            <line num="99" count="4" type="stmt"/>
            <line falsecount="4" truecount="4" num="99" type="cond"/>
            <line num="100" count="4" type="stmt"/>
            <line num="100" count="4" type="stmt"/>
            <line num="100" count="4" type="stmt"/>
            <line num="100" count="4" type="stmt"/>
            <line num="100" count="4" type="stmt"/>
            <line num="100" count="4" type="stmt"/>
            <line falsecount="0" truecount="4" num="100" type="cond"/>
            <line complexity="3" visibility="public" signature="isLevelOver() : boolean" num="109" count="4" type="method"/>
            <line num="110" count="4" type="stmt"/>
            <line num="111" count="4" type="stmt"/>
            <line num="112" count="24" type="stmt"/>
            <line num="113" count="144" type="stmt"/>
            <line num="113" count="0" type="stmt"/>
            <line falsecount="144" truecount="0" num="113" type="cond"/>
            <line num="116" count="4" type="stmt"/>
            <line complexity="1" visibility="public" signature="deleteCharMap() : void" num="122" count="4" type="method"/>
            <line num="123" count="4" type="stmt"/>
            <line complexity="1" visibility="public" signature="addStep() : void" num="129" count="52" type="method"/>
            <line num="130" count="52" type="stmt"/>
            <line complexity="1" visibility="public" signature="getStepToString() : String" num="137" count="4" type="method"/>
            <line num="138" count="4" type="stmt"/>
         </file>
         <file path="/home/zenol/Desktop/szoftverfejlesztes/beadando/sokoban/src/main/java/model/Model.java" name="Model.java">
            <metrics coveredelements="55" coveredconditionals="7" complexity="22" loc="217" coveredmethods="8" methods="11" elements="106" classes="1" ncloc="133" statements="79" conditionals="16" coveredstatements="40"/>
            <class name="Model">
               <metrics coveredelements="55" coveredconditionals="7" complexity="22" coveredmethods="8" methods="11" elements="106" statements="79" conditionals="16" coveredstatements="40"/>
            </class>
            <line complexity="1" visibility="public" signature="Model()" num="33" count="20" type="method"/>
            <line num="34" count="20" type="stmt"/>
            <line num="35" count="20" type="stmt"/>
            <line num="36" count="20" type="stmt"/>
            <line num="37" count="20" type="stmt"/>
            <line num="38" count="20" type="stmt"/>
            <line complexity="1" visibility="public" signature="levelFileReader() : List&lt;Level&gt;" num="45" count="20" type="method"/>
            <line num="46" count="20" type="stmt"/>
            <line num="47" count="20" type="stmt"/>
            <line num="48" count="20" type="stmt"/>
            <line num="49" count="20" type="stmt"/>
            <line num="50" count="20" type="stmt"/>
            <line num="51" count="20" type="stmt"/>
            <line complexity="2" visibility="public" signature="saveFileReader() : List&lt;Save&gt;" num="61" count="20" type="method"/>
            <line num="62" count="20" type="stmt"/>
            <line num="63" count="20" type="stmt"/>
            <line num="64" count="20" type="stmt"/>
            <line num="65" count="20" type="stmt"/>
            <line num="66" count="20" type="stmt"/>
            <line num="67" count="20" type="stmt"/>
            <line num="68" count="20" type="stmt"/>
            <line num="69" count="20" type="stmt"/>
            <line num="71" count="0" type="stmt"/>
            <line num="72" count="0" type="stmt"/>
            <line num="73" count="0" type="stmt"/>
            <line num="75" count="20" type="stmt"/>
            <line complexity="4" visibility="public" signature="saveFileWriter() : void" num="82" count="0" type="method"/>
            <line num="83" count="0" type="stmt"/>
            <line num="84" count="0" type="stmt"/>
            <line num="85" count="0" type="stmt"/>
            <line num="86" count="0" type="stmt"/>
            <line num="87" count="0" type="stmt"/>
            <line falsecount="0" truecount="0" num="87" type="cond"/>
            <line num="88" count="0" type="stmt"/>
            <line num="90" count="0" type="stmt"/>
            <line num="91" count="0" type="stmt"/>
            <line num="92" count="0" type="stmt"/>
            <line num="94" count="0" type="stmt"/>
            <line num="96" count="0" type="stmt"/>
            <line num="98" count="0" type="stmt"/>
            <line num="99" count="0" type="stmt"/>
            <line num="100" count="0" type="stmt"/>
            <line num="102" count="0" type="stmt"/>
            <line num="103" count="0" type="stmt"/>
            <line complexity="2" visibility="public" signature="nextLevel() : String" num="112" count="8" type="method"/>
            <line num="113" count="8" type="stmt"/>
            <line num="114" count="8" type="stmt"/>
            <line num="114" count="4" type="stmt"/>
            <line falsecount="4" truecount="4" num="114" type="cond"/>
            <line num="115" count="4" type="stmt"/>
            <line complexity="2" visibility="public" signature="previousLevel() : String" num="122" count="8" type="method"/>
            <line num="123" count="8" type="stmt"/>
            <line num="124" count="8" type="stmt"/>
            <line num="124" count="4" type="stmt"/>
            <line falsecount="4" truecount="4" num="124" type="cond"/>
            <line num="125" count="4" type="stmt"/>
            <line complexity="1" visibility="public" signature="setNewLevel(String) : void" num="132" count="0" type="method"/>
            <line num="133" count="0" type="stmt"/>
            <line num="134" count="0" type="stmt"/>
            <line num="135" count="0" type="stmt"/>
            <line num="136" count="0" type="stmt"/>
            <line num="137" count="0" type="stmt"/>
            <line num="138" count="0" type="stmt"/>
            <line complexity="4" visibility="public" signature="getScale(Pane) : int" num="147" count="0" type="method"/>
            <line num="148" count="0" type="stmt"/>
            <line num="149" count="0" type="stmt"/>
            <line num="150" count="0" type="stmt"/>
            <line num="151" count="0" type="stmt"/>
            <line num="153" count="0" type="stmt"/>
            <line falsecount="0" truecount="0" num="153" type="cond"/>
            <line num="154" count="0" type="stmt"/>
            <line num="156" count="0" type="stmt"/>
            <line falsecount="0" truecount="0" num="156" type="cond"/>
            <line num="157" count="0" type="stmt"/>
            <line num="160" count="0" type="stmt"/>
            <line num="161" count="0" type="stmt"/>
            <line num="163" count="0" type="stmt"/>
            <line falsecount="0" truecount="0" num="163" type="cond"/>
            <line num="164" count="0" type="stmt"/>
            <line num="167" count="0" type="stmt"/>
            <line num="169" count="0" type="stmt"/>
            <line complexity="1" visibility="public" signature="getLevel() : Level" num="177" count="4" type="method"/>
            <line num="178" count="4" type="stmt"/>
            <line complexity="3" visibility="public" signature="getSave() : Save" num="187" count="8" type="method"/>
            <line num="188" count="8" type="stmt"/>
            <line num="189" count="8" type="stmt"/>
            <line falsecount="0" truecount="8" num="189" type="cond"/>
            <line num="190" count="8" type="stmt"/>
            <line num="191" count="20" type="stmt"/>
            <line falsecount="16" truecount="4" num="191" type="cond"/>
            <line num="193" count="4" type="stmt"/>
            <line num="197" count="4" type="stmt"/>
            <line num="198" count="4" type="stmt"/>
            <line num="199" count="4" type="stmt"/>
            <line num="200" count="4" type="stmt"/>
            <line complexity="1" visibility="public" signature="deleteSaves() : void" num="206" count="4" type="method"/>
            <line num="207" count="4" type="stmt"/>
            <line num="208" count="4" type="stmt"/>
         </file>
         <file path="/home/zenol/Desktop/szoftverfejlesztes/beadando/sokoban/src/main/java/model/Position.java" name="Position.java">
            <metrics coveredelements="14" coveredconditionals="6" complexity="4" loc="42" coveredmethods="1" methods="1" elements="14" classes="1" ncloc="22" statements="7" conditionals="6" coveredstatements="7"/>
            <class name="Position">
               <metrics coveredelements="14" coveredconditionals="6" complexity="4" coveredmethods="1" methods="1" elements="14" statements="7" conditionals="6" coveredstatements="7"/>
            </class>
            <line complexity="4" visibility="public" signature="setPosition(List&lt;List&lt;Character&gt;&gt;) : void" num="31" count="56" type="method"/>
            <line num="32" count="56" type="stmt"/>
            <line falsecount="56" truecount="336" num="32" type="cond"/>
            <line num="33" count="336" type="stmt"/>
            <line falsecount="308" truecount="28" num="33" type="cond"/>
            <line num="34" count="28" type="stmt"/>
            <line num="35" count="28" type="stmt"/>
            <line num="36" count="308" type="stmt"/>
            <line falsecount="280" truecount="28" num="36" type="cond"/>
            <line num="37" count="28" type="stmt"/>
            <line num="38" count="28" type="stmt"/>
         </file>
         <file path="/home/zenol/Desktop/szoftverfejlesztes/beadando/sokoban/src/main/java/model/Save.java" name="Save.java">
            <metrics coveredelements="9" coveredconditionals="2" complexity="4" loc="44" coveredmethods="2" methods="2" elements="9" classes="1" ncloc="20" statements="5" conditionals="2" coveredstatements="5"/>
            <class name="Save">
               <metrics coveredelements="9" coveredconditionals="2" complexity="4" coveredmethods="2" methods="2" elements="9" statements="5" conditionals="2" coveredstatements="5"/>
            </class>
            <line complexity="1" visibility="public" signature="Save(int)" num="26" count="8" type="method"/>
            <line num="27" count="8" type="stmt"/>
            <line num="28" count="8" type="stmt"/>
            <line complexity="3" visibility="public" signature="isNewRecord(String) : boolean" num="36" count="12" type="method"/>
            <line num="37" count="12" type="stmt"/>
            <line falsecount="4" truecount="8" num="37" type="cond"/>
            <line num="38" count="8" type="stmt"/>
            <line num="40" count="4" type="stmt"/>
         </file>
      </package>
   </project>
   <testproject name="sokoban 1.0-SNAPSHOT" timestamp="1557952052846">
      <metrics coveredelements="366" complexity="13" loc="494" methods="13" classes="5" statements="353" packages="2" coveredconditionals="0" coveredmethods="13" elements="366" ncloc="424" files="5" conditionals="0" coveredstatements="353"/>
      <package name="default-pkg">
         <metrics coveredelements="0" complexity="0" loc="8" methods="0" classes="1" statements="0" coveredconditionals="0" coveredmethods="0" elements="0" ncloc="7" files="1" conditionals="0" coveredstatements="0"/>
         <file path="/home/zenol/Desktop/szoftverfejlesztes/beadando/sokoban/src/test/java/SokobanTestSuite.java" name="SokobanTestSuite.java">
            <metrics coveredelements="0" coveredconditionals="0" complexity="0" loc="8" coveredmethods="0" methods="0" elements="0" classes="1" ncloc="7" statements="0" conditionals="0" coveredstatements="0"/>
            <class name="SokobanTestSuite">
               <metrics coveredelements="0" coveredconditionals="0" complexity="0" coveredmethods="0" methods="0" elements="0" statements="0" conditionals="0" coveredstatements="0"/>
            </class>
         </file>
      </package>
      <package name="model">
         <metrics coveredelements="366" complexity="13" loc="486" methods="13" classes="4" statements="353" coveredconditionals="0" coveredmethods="13" elements="366" ncloc="417" files="4" conditionals="0" coveredstatements="353"/>
         <file path="/home/zenol/Desktop/szoftverfejlesztes/beadando/sokoban/src/test/java/model/LevelTest.java" name="LevelTest.java">
            <metrics coveredelements="267" coveredconditionals="0" complexity="6" loc="327" coveredmethods="6" methods="6" elements="267" classes="1" ncloc="286" statements="261" conditionals="0" coveredstatements="261"/>
            <class name="LevelTest">
               <metrics coveredelements="267" coveredconditionals="0" complexity="6" coveredmethods="6" methods="6" elements="267" statements="261" conditionals="0" coveredstatements="261"/>
            </class>
            <line complexity="1" visibility="package" signature="newCharMap() : void" num="13" count="4" type="method"/>
            <line num="15" count="4" type="stmt"/>
            <line num="16" count="4" type="stmt"/>
            <line num="18" count="4" type="stmt"/>
            <line num="19" count="4" type="stmt"/>
            <line num="20" count="4" type="stmt"/>
            <line num="21" count="4" type="stmt"/>
            <line num="22" count="4" type="stmt"/>
            <line num="24" count="4" type="stmt"/>
            <line num="25" count="4" type="stmt"/>
            <line num="26" count="4" type="stmt"/>
            <line num="27" count="4" type="stmt"/>
            <line num="28" count="4" type="stmt"/>
            <line num="30" count="4" type="stmt"/>
            <line num="31" count="4" type="stmt"/>
            <line num="32" count="4" type="stmt"/>
            <line num="34" count="4" type="stmt"/>
            <line complexity="1" visibility="package" signature="move() : void" num="37" count="4" type="method"/>
            <line num="39" count="4" type="stmt"/>
            <line num="40" count="4" type="stmt"/>
            <line num="41" count="4" type="stmt"/>
            <line num="42" count="4" type="stmt"/>
            <line num="43" count="4" type="stmt"/>
            <line num="44" count="4" type="stmt"/>
            <line num="45" count="4" type="stmt"/>
            <line num="47" count="4" type="stmt"/>
            <line num="48" count="4" type="stmt"/>
            <line num="49" count="4" type="stmt"/>
            <line num="50" count="4" type="stmt"/>
            <line num="51" count="4" type="stmt"/>
            <line num="52" count="4" type="stmt"/>
            <line num="53" count="4" type="stmt"/>
            <line num="55" count="4" type="stmt"/>
            <line num="56" count="4" type="stmt"/>
            <line num="57" count="4" type="stmt"/>
            <line num="58" count="4" type="stmt"/>
            <line num="59" count="4" type="stmt"/>
            <line num="60" count="4" type="stmt"/>
            <line num="61" count="4" type="stmt"/>
            <line num="63" count="4" type="stmt"/>
            <line num="64" count="4" type="stmt"/>
            <line num="65" count="4" type="stmt"/>
            <line num="66" count="4" type="stmt"/>
            <line num="67" count="4" type="stmt"/>
            <line num="68" count="4" type="stmt"/>
            <line num="69" count="4" type="stmt"/>
            <line num="71" count="4" type="stmt"/>
            <line num="72" count="4" type="stmt"/>
            <line num="73" count="4" type="stmt"/>
            <line num="74" count="4" type="stmt"/>
            <line num="75" count="4" type="stmt"/>
            <line num="76" count="4" type="stmt"/>
            <line num="77" count="4" type="stmt"/>
            <line num="79" count="4" type="stmt"/>
            <line num="80" count="4" type="stmt"/>
            <line num="81" count="4" type="stmt"/>
            <line num="82" count="4" type="stmt"/>
            <line num="83" count="4" type="stmt"/>
            <line num="84" count="4" type="stmt"/>
            <line num="85" count="4" type="stmt"/>
            <line num="87" count="4" type="stmt"/>
            <line num="88" count="4" type="stmt"/>
            <line num="89" count="4" type="stmt"/>
            <line num="90" count="4" type="stmt"/>
            <line num="91" count="4" type="stmt"/>
            <line num="92" count="4" type="stmt"/>
            <line num="93" count="4" type="stmt"/>
            <line num="94" count="4" type="stmt"/>
            <line num="95" count="4" type="stmt"/>
            <line num="96" count="4" type="stmt"/>
            <line num="97" count="4" type="stmt"/>
            <line num="98" count="4" type="stmt"/>
            <line num="100" count="4" type="stmt"/>
            <line num="101" count="4" type="stmt"/>
            <line num="102" count="4" type="stmt"/>
            <line num="103" count="4" type="stmt"/>
            <line num="104" count="4" type="stmt"/>
            <line num="105" count="4" type="stmt"/>
            <line num="106" count="4" type="stmt"/>
            <line num="107" count="4" type="stmt"/>
            <line num="108" count="4" type="stmt"/>
            <line num="109" count="4" type="stmt"/>
            <line num="110" count="4" type="stmt"/>
            <line num="112" count="4" type="stmt"/>
            <line num="113" count="4" type="stmt"/>
            <line num="114" count="4" type="stmt"/>
            <line num="115" count="4" type="stmt"/>
            <line num="116" count="4" type="stmt"/>
            <line num="117" count="4" type="stmt"/>
            <line num="118" count="4" type="stmt"/>
            <line num="119" count="4" type="stmt"/>
            <line num="120" count="4" type="stmt"/>
            <line num="121" count="4" type="stmt"/>
            <line num="122" count="4" type="stmt"/>
            <line num="124" count="4" type="stmt"/>
            <line num="125" count="4" type="stmt"/>
            <line num="126" count="4" type="stmt"/>
            <line num="127" count="4" type="stmt"/>
            <line num="128" count="4" type="stmt"/>
            <line num="129" count="4" type="stmt"/>
            <line num="130" count="4" type="stmt"/>
            <line num="131" count="4" type="stmt"/>
            <line num="132" count="4" type="stmt"/>
            <line num="133" count="4" type="stmt"/>
            <line num="134" count="4" type="stmt"/>
            <line num="136" count="4" type="stmt"/>
            <line num="137" count="4" type="stmt"/>
            <line num="138" count="4" type="stmt"/>
            <line num="139" count="4" type="stmt"/>
            <line num="140" count="4" type="stmt"/>
            <line num="141" count="4" type="stmt"/>
            <line num="142" count="4" type="stmt"/>
            <line num="143" count="4" type="stmt"/>
            <line num="144" count="4" type="stmt"/>
            <line num="145" count="4" type="stmt"/>
            <line num="146" count="4" type="stmt"/>
            <line num="148" count="4" type="stmt"/>
            <line num="149" count="4" type="stmt"/>
            <line num="150" count="4" type="stmt"/>
            <line num="151" count="4" type="stmt"/>
            <line num="152" count="4" type="stmt"/>
            <line num="153" count="4" type="stmt"/>
            <line num="154" count="4" type="stmt"/>
            <line num="155" count="4" type="stmt"/>
            <line num="156" count="4" type="stmt"/>
            <line num="157" count="4" type="stmt"/>
            <line num="158" count="4" type="stmt"/>
            <line num="161" count="4" type="stmt"/>
            <line num="162" count="4" type="stmt"/>
            <line num="163" count="4" type="stmt"/>
            <line num="164" count="4" type="stmt"/>
            <line num="165" count="4" type="stmt"/>
            <line num="166" count="4" type="stmt"/>
            <line num="167" count="4" type="stmt"/>
            <line num="169" count="4" type="stmt"/>
            <line num="170" count="4" type="stmt"/>
            <line num="171" count="4" type="stmt"/>
            <line num="172" count="4" type="stmt"/>
            <line num="173" count="4" type="stmt"/>
            <line num="174" count="4" type="stmt"/>
            <line num="175" count="4" type="stmt"/>
            <line num="177" count="4" type="stmt"/>
            <line num="178" count="4" type="stmt"/>
            <line num="179" count="4" type="stmt"/>
            <line num="180" count="4" type="stmt"/>
            <line num="181" count="4" type="stmt"/>
            <line num="182" count="4" type="stmt"/>
            <line num="183" count="4" type="stmt"/>
            <line num="185" count="4" type="stmt"/>
            <line num="186" count="4" type="stmt"/>
            <line num="187" count="4" type="stmt"/>
            <line num="188" count="4" type="stmt"/>
            <line num="189" count="4" type="stmt"/>
            <line num="190" count="4" type="stmt"/>
            <line num="191" count="4" type="stmt"/>
            <line num="193" count="4" type="stmt"/>
            <line num="194" count="4" type="stmt"/>
            <line num="195" count="4" type="stmt"/>
            <line num="196" count="4" type="stmt"/>
            <line num="197" count="4" type="stmt"/>
            <line num="198" count="4" type="stmt"/>
            <line num="199" count="4" type="stmt"/>
            <line num="201" count="4" type="stmt"/>
            <line num="202" count="4" type="stmt"/>
            <line num="203" count="4" type="stmt"/>
            <line num="204" count="4" type="stmt"/>
            <line num="205" count="4" type="stmt"/>
            <line num="206" count="4" type="stmt"/>
            <line num="207" count="4" type="stmt"/>
            <line num="209" count="4" type="stmt"/>
            <line num="210" count="4" type="stmt"/>
            <line num="211" count="4" type="stmt"/>
            <line num="212" count="4" type="stmt"/>
            <line num="213" count="4" type="stmt"/>
            <line num="214" count="4" type="stmt"/>
            <line num="215" count="4" type="stmt"/>
            <line num="216" count="4" type="stmt"/>
            <line num="217" count="4" type="stmt"/>
            <line num="218" count="4" type="stmt"/>
            <line num="219" count="4" type="stmt"/>
            <line num="221" count="4" type="stmt"/>
            <line num="222" count="4" type="stmt"/>
            <line num="223" count="4" type="stmt"/>
            <line num="224" count="4" type="stmt"/>
            <line num="225" count="4" type="stmt"/>
            <line num="226" count="4" type="stmt"/>
            <line num="227" count="4" type="stmt"/>
            <line num="228" count="4" type="stmt"/>
            <line num="229" count="4" type="stmt"/>
            <line num="230" count="4" type="stmt"/>
            <line num="231" count="4" type="stmt"/>
            <line num="233" count="4" type="stmt"/>
            <line num="234" count="4" type="stmt"/>
            <line num="235" count="4" type="stmt"/>
            <line num="236" count="4" type="stmt"/>
            <line num="237" count="4" type="stmt"/>
            <line num="238" count="4" type="stmt"/>
            <line num="239" count="4" type="stmt"/>
            <line num="240" count="4" type="stmt"/>
            <line num="241" count="4" type="stmt"/>
            <line num="242" count="4" type="stmt"/>
            <line num="243" count="4" type="stmt"/>
            <line num="245" count="4" type="stmt"/>
            <line num="246" count="4" type="stmt"/>
            <line num="247" count="4" type="stmt"/>
            <line num="248" count="4" type="stmt"/>
            <line num="249" count="4" type="stmt"/>
            <line num="250" count="4" type="stmt"/>
            <line num="251" count="4" type="stmt"/>
            <line num="252" count="4" type="stmt"/>
            <line num="253" count="4" type="stmt"/>
            <line num="254" count="4" type="stmt"/>
            <line num="255" count="4" type="stmt"/>
            <line num="257" count="4" type="stmt"/>
            <line num="258" count="4" type="stmt"/>
            <line num="259" count="4" type="stmt"/>
            <line num="260" count="4" type="stmt"/>
            <line num="261" count="4" type="stmt"/>
            <line num="262" count="4" type="stmt"/>
            <line num="263" count="4" type="stmt"/>
            <line num="264" count="4" type="stmt"/>
            <line num="265" count="4" type="stmt"/>
            <line num="266" count="4" type="stmt"/>
            <line num="267" count="4" type="stmt"/>
            <line num="269" count="4" type="stmt"/>
            <line num="270" count="4" type="stmt"/>
            <line num="271" count="4" type="stmt"/>
            <line num="272" count="4" type="stmt"/>
            <line num="273" count="4" type="stmt"/>
            <line num="274" count="4" type="stmt"/>
            <line num="275" count="4" type="stmt"/>
            <line num="276" count="4" type="stmt"/>
            <line num="277" count="4" type="stmt"/>
            <line num="278" count="4" type="stmt"/>
            <line num="279" count="4" type="stmt"/>
            <line complexity="1" visibility="package" signature="isLevelOver() : void" num="282" count="4" type="method"/>
            <line num="284" count="4" type="stmt"/>
            <line num="285" count="4" type="stmt"/>
            <line num="286" count="4" type="stmt"/>
            <line num="287" count="4" type="stmt"/>
            <line num="288" count="4" type="stmt"/>
            <line num="289" count="4" type="stmt"/>
            <line num="290" count="4" type="stmt"/>
            <line num="292" count="4" type="stmt"/>
            <line num="293" count="4" type="stmt"/>
            <line num="294" count="4" type="stmt"/>
            <line complexity="1" visibility="package" signature="deletCharMap() : void" num="297" count="4" type="method"/>
            <line num="299" count="4" type="stmt"/>
            <line num="300" count="4" type="stmt"/>
            <line num="301" count="4" type="stmt"/>
            <line num="302" count="4" type="stmt"/>
            <line num="303" count="4" type="stmt"/>
            <line num="304" count="4" type="stmt"/>
            <line num="305" count="4" type="stmt"/>
            <line num="307" count="4" type="stmt"/>
            <line num="308" count="4" type="stmt"/>
            <line num="309" count="4" type="stmt"/>
            <line num="310" count="4" type="stmt"/>
            <line complexity="1" visibility="package" signature="addStep() : void" num="313" count="4" type="method"/>
            <line num="315" count="4" type="stmt"/>
            <line num="316" count="4" type="stmt"/>
            <line num="317" count="4" type="stmt"/>
            <line num="318" count="4" type="stmt"/>
            <line complexity="1" visibility="package" signature="getStepToString() : void" num="321" count="4" type="method"/>
            <line num="323" count="4" type="stmt"/>
            <line num="324" count="4" type="stmt"/>
            <line num="325" count="4" type="stmt"/>
         </file>
         <file path="/home/zenol/Desktop/szoftverfejlesztes/beadando/sokoban/src/test/java/model/ModelTest.java" name="ModelTest.java">
            <metrics coveredelements="70" coveredconditionals="0" complexity="5" loc="99" coveredmethods="5" methods="5" elements="70" classes="1" ncloc="87" statements="65" conditionals="0" coveredstatements="65"/>
            <class name="ModelTest">
               <metrics coveredelements="70" coveredconditionals="0" complexity="5" coveredmethods="5" methods="5" elements="70" statements="65" conditionals="0" coveredstatements="65"/>
            </class>
            <line complexity="1" visibility="package" signature="nextLevel() : void" num="13" count="4" type="method"/>
            <line num="15" count="4" type="stmt"/>
            <line num="16" count="4" type="stmt"/>
            <line num="17" count="4" type="stmt"/>
            <line num="18" count="4" type="stmt"/>
            <line num="19" count="4" type="stmt"/>
            <line num="20" count="4" type="stmt"/>
            <line num="21" count="4" type="stmt"/>
            <line num="22" count="4" type="stmt"/>
            <line num="23" count="4" type="stmt"/>
            <line num="24" count="4" type="stmt"/>
            <line num="25" count="4" type="stmt"/>
            <line num="26" count="4" type="stmt"/>
            <line num="27" count="4" type="stmt"/>
            <line complexity="1" visibility="package" signature="previousLevel() : void" num="30" count="4" type="method"/>
            <line num="32" count="4" type="stmt"/>
            <line num="33" count="4" type="stmt"/>
            <line num="34" count="4" type="stmt"/>
            <line num="35" count="4" type="stmt"/>
            <line num="36" count="4" type="stmt"/>
            <line num="37" count="4" type="stmt"/>
            <line num="38" count="4" type="stmt"/>
            <line num="39" count="4" type="stmt"/>
            <line num="40" count="4" type="stmt"/>
            <line num="41" count="4" type="stmt"/>
            <line num="42" count="4" type="stmt"/>
            <line num="43" count="4" type="stmt"/>
            <line num="44" count="4" type="stmt"/>
            <line complexity="1" visibility="package" signature="getLevel() : void" num="47" count="4" type="method"/>
            <line num="49" count="4" type="stmt"/>
            <line num="50" count="4" type="stmt"/>
            <line num="51" count="4" type="stmt"/>
            <line num="52" count="4" type="stmt"/>
            <line num="53" count="4" type="stmt"/>
            <line num="54" count="4" type="stmt"/>
            <line num="55" count="4" type="stmt"/>
            <line num="56" count="4" type="stmt"/>
            <line num="57" count="4" type="stmt"/>
            <line num="58" count="4" type="stmt"/>
            <line num="59" count="4" type="stmt"/>
            <line complexity="1" visibility="package" signature="getSave() : void" num="62" count="4" type="method"/>
            <line num="64" count="4" type="stmt"/>
            <line num="65" count="4" type="stmt"/>
            <line num="66" count="4" type="stmt"/>
            <line num="67" count="4" type="stmt"/>
            <line num="68" count="4" type="stmt"/>
            <line num="69" count="4" type="stmt"/>
            <line num="70" count="4" type="stmt"/>
            <line num="71" count="4" type="stmt"/>
            <line num="72" count="4" type="stmt"/>
            <line num="73" count="4" type="stmt"/>
            <line num="74" count="4" type="stmt"/>
            <line num="75" count="4" type="stmt"/>
            <line num="77" count="4" type="stmt"/>
            <line num="78" count="4" type="stmt"/>
            <line num="79" count="4" type="stmt"/>
            <line num="80" count="4" type="stmt"/>
            <line complexity="1" visibility="package" signature="deleteSaves() : void" num="84" count="4" type="method"/>
            <line num="86" count="4" type="stmt"/>
            <line num="87" count="4" type="stmt"/>
            <line num="88" count="4" type="stmt"/>
            <line num="89" count="4" type="stmt"/>
            <line num="90" count="4" type="stmt"/>
            <line num="91" count="4" type="stmt"/>
            <line num="92" count="4" type="stmt"/>
            <line num="93" count="4" type="stmt"/>
            <line num="94" count="4" type="stmt"/>
            <line num="95" count="4" type="stmt"/>
            <line num="96" count="4" type="stmt"/>
            <line num="97" count="4" type="stmt"/>
         </file>
         <file path="/home/zenol/Desktop/szoftverfejlesztes/beadando/sokoban/src/test/java/model/PositionTest.java" name="PositionTest.java">
            <metrics coveredelements="22" coveredconditionals="0" complexity="1" loc="40" coveredmethods="1" methods="1" elements="22" classes="1" ncloc="31" statements="21" conditionals="0" coveredstatements="21"/>
            <class name="PositionTest">
               <metrics coveredelements="22" coveredconditionals="0" complexity="1" coveredmethods="1" methods="1" elements="22" statements="21" conditionals="0" coveredstatements="21"/>
            </class>
            <line complexity="1" visibility="package" signature="setPosition() : void" num="13" count="4" type="method"/>
            <line num="15" count="4" type="stmt"/>
            <line num="16" count="4" type="stmt"/>
            <line num="17" count="4" type="stmt"/>
            <line num="18" count="4" type="stmt"/>
            <line num="19" count="4" type="stmt"/>
            <line num="20" count="4" type="stmt"/>
            <line num="21" count="4" type="stmt"/>
            <line num="23" count="4" type="stmt"/>
            <line num="24" count="4" type="stmt"/>
            <line num="25" count="4" type="stmt"/>
            <line num="26" count="4" type="stmt"/>
            <line num="28" count="4" type="stmt"/>
            <line num="29" count="4" type="stmt"/>
            <line num="30" count="4" type="stmt"/>
            <line num="31" count="4" type="stmt"/>
            <line num="32" count="4" type="stmt"/>
            <line num="33" count="4" type="stmt"/>
            <line num="34" count="4" type="stmt"/>
            <line num="36" count="4" type="stmt"/>
            <line num="37" count="4" type="stmt"/>
            <line num="38" count="4" type="stmt"/>
         </file>
         <file path="/home/zenol/Desktop/szoftverfejlesztes/beadando/sokoban/src/test/java/model/SaveTest.java" name="SaveTest.java">
            <metrics coveredelements="7" coveredconditionals="0" complexity="1" loc="20" coveredmethods="1" methods="1" elements="7" classes="1" ncloc="13" statements="6" conditionals="0" coveredstatements="6"/>
            <class name="SaveTest">
               <metrics coveredelements="7" coveredconditionals="0" complexity="1" coveredmethods="1" methods="1" elements="7" statements="6" conditionals="0" coveredstatements="6"/>
            </class>
            <line complexity="1" visibility="package" signature="isNewRecord() : void" num="9" count="4" type="method"/>
            <line num="11" count="4" type="stmt"/>
            <line num="12" count="4" type="stmt"/>
            <line num="14" count="4" type="stmt"/>
            <line num="15" count="4" type="stmt"/>
            <line num="17" count="4" type="stmt"/>
            <line num="18" count="4" type="stmt"/>
         </file>
      </package>
   </testproject>
</coverage>