<?xml version="1.0" encoding="UTF-8" standalone="yes"?><!DOCTYPE report PUBLIC "-//JACOCO//DTD Report 1.1//EN" "report.dtd"><report name="sokoban"><sessioninfo id="c0-1a-da-0-1c-19.pool.unideb.hu-ada0729b" start="1557925424943" dump="1557925427623"/><sessioninfo id="c0-1a-da-0-1c-19.pool.unideb.hu-87e90b90" start="1557937149082" dump="1557937151813"/><sessioninfo id="c0-1a-da-0-1c-19.pool.unideb.hu-20585f0e" start="1557938647608" dump="1557938650503"/><sessioninfo id="c0-1a-da-0-1c-19.pool.unideb.hu-e30425b2" start="1557938929167" dump="1557938931657"/><sessioninfo id="c0-1a-da-0-1c-19.pool.unideb.hu-bec03298" start="1557939166672" dump="1557939169422"/><sessioninfo id="c0-1a-da-0-1c-19.pool.unideb.hu-a7c6d76" start="1557939969644" dump="1557939972387"/><sessioninfo id="c0-1a-da-0-1c-19.pool.unideb.hu-1aa6e479" start="1557940481480" dump="1557940484259"/><sessioninfo id="c0-1a-da-0-1c-19.pool.unideb.hu-5c296a6e" start="1557941339509" dump="1557941342091"/><sessioninfo id="c0-1a-da-0-1c-19.pool.unideb.hu-9bdfad9e" start="1557941879248" dump="1557941882239"/><sessioninfo id="c0-1a-da-0-1c-19.pool.unideb.hu-75d46a5c" start="1557942032851" dump="1557942035575"/><sessioninfo id="c0-1a-da-0-1c-19.pool.unideb.hu-396481e9" start="1557942056833" dump="1557942060855"/><sessioninfo id="c0-1a-da-0-1c-19.pool.unideb.hu-c06cd065" start="1557948792899" dump="1557948795694"/><sessioninfo id="c0-1a-da-0-1c-19.pool.unideb.hu-bbf1cb05" start="1557948825677" dump="1557948828863"/><sessioninfo id="c0-1a-da-0-1c-19.pool.unideb.hu-f1d33aa6" start="1557949669351" dump="1557949672208"/><sessioninfo id="c0-1a-da-0-1c-19.pool.unideb.hu-674741d5" start="1557949692127" dump="1557949694660"/></report>