<?xml version="1.0" encoding="UTF-8" standalone="yes"?><!DOCTYPE report PUBLIC "-//JACOCO//DTD Report 1.1//EN" "report.dtd"><report name="sokoban"><sessioninfo id="c0-1a-da-0-1c-19.pool.unideb.hu-f2314f6c" start="1557951580365" dump="1557951583208"/><sessioninfo id="c0-1a-da-0-1c-19.pool.unideb.hu-3cc155a7" start="1557951613463" dump="1557951617058"/><sessioninfo id="c0-1a-da-0-1c-19.pool.unideb.hu-5d7b1205" start="1557952030164" dump="1557952033311"/><sessioninfo id="c0-1a-da-0-1c-19.pool.unideb.hu-e39a77d5" start="1557952065928" dump="1557952068767"/></report>