<?xml version="1.0" encoding="UTF-8"?>
<testsuite xmlns:xsi="http://www.w3.org/2001/XMLSchema-instance" xsi:noNamespaceSchemaLocation="https://maven.apache.org/surefire/maven-surefire-plugin/xsd/surefire-test-report-3.0.xsd" version="3.0" name="model.LevelTest" time="0.002" tests="6" errors="0" skipped="0" failures="0">
  <properties>
[...]
</properties>
  <testcase name="addStep" classname="model.LevelTest" time="0"/>
  <testcase name="isLevelOver" classname="model.LevelTest" time="0"/>
  <testcase name="deletCharMap" classname="model.LevelTest" time="0"/>
  <testcase name="move" classname="model.LevelTest" time="0"/>
  <testcase name="getStepToString" classname="model.LevelTest" time="0"/>
  <testcase name="newCharMap" classname="model.LevelTest" time="0"/>
</testsuite>